<?xml version="1.0" encoding="UTF-8"?>
<testng-results ignored="0" total="14" passed="14" failed="0" skipped="0">
  <reporter-output>
  </reporter-output>
  <suite started-at="2023-11-12T22:05:16 CST" name="Default suite" finished-at="2023-11-12T22:05:36 CST" duration-ms="20320">
    <groups>
      <group name="cucumber">
        <method signature="AbstractTestNGCucumberTests.runScenario(io.cucumber.testng.PickleWrapper,io.cucumber.testng.FeatureWrapper)[pri:0, instance:testRunner.TestNGTestRunner@4116aac9]" name="runScenario" class="io.cucumber.testng.AbstractTestNGCucumberTests"/>
      </group> <!-- cucumber -->
    </groups>
    <test started-at="2023-11-12T22:05:16 CST" name="Default test" finished-at="2023-11-12T22:05:36 CST" duration-ms="20320">
      <class name="testRunner.TestNGTestRunner">
        <test-method is-config="true" signature="setUpClass(org.testng.ITestContext)[pri:0, instance:testRunner.TestNGTestRunner@4116aac9]" started-at="2023-11-12T22:05:16 CST" name="setUpClass" finished-at="2023-11-12T22:05:19 CST" duration-ms="3132" status="PASS">
          <params>
            <param index="0">
              <value>
                <![CDATA[org.testng.TestRunner@6a4f15bc]]>
              </value>
            </param>
          </params>
          <reporter-output>
          </reporter-output>
        </test-method> <!-- setUpClass -->
        <test-method signature="runScenario(io.cucumber.testng.PickleWrapper,io.cucumber.testng.FeatureWrapper)[pri:0, instance:testRunner.TestNGTestRunner@4116aac9]" started-at="2023-11-12T22:05:19 CST" name="runScenario" description="Runs Cucumber Scenarios" data-provider="scenarios" finished-at="2023-11-12T22:05:24 CST" duration-ms="4751" status="PASS">
          <params>
            <param index="0">
              <value>
                <![CDATA["User creates request to get Status"]]>
              </value>
            </param>
            <param index="1">
              <value>
                <![CDATA["Simple Book feature"]]>
              </value>
            </param>
          </params>
          <reporter-output>
          </reporter-output>
        </test-method> <!-- runScenario -->
        <test-method signature="runScenario(io.cucumber.testng.PickleWrapper,io.cucumber.testng.FeatureWrapper)[pri:0, instance:testRunner.TestNGTestRunner@4116aac9]" started-at="2023-11-12T22:05:24 CST" name="runScenario" description="Runs Cucumber Scenarios" data-provider="scenarios" finished-at="2023-11-12T22:05:25 CST" duration-ms="1468" status="PASS">
          <params>
            <param index="0">
              <value>
                <![CDATA["User able to retrieve all Books with valid Simple Book API"]]>
              </value>
            </param>
            <param index="1">
              <value>
                <![CDATA["Simple Book feature"]]>
              </value>
            </param>
          </params>
          <reporter-output>
          </reporter-output>
        </test-method> <!-- runScenario -->
        <test-method signature="runScenario(io.cucumber.testng.PickleWrapper,io.cucumber.testng.FeatureWrapper)[pri:0, instance:testRunner.TestNGTestRunner@4116aac9]" started-at="2023-11-12T22:05:25 CST" name="runScenario" description="Runs Cucumber Scenarios" data-provider="scenarios" finished-at="2023-11-12T22:05:26 CST" duration-ms="344" status="PASS">
          <params>
            <param index="0">
              <value>
                <![CDATA["User able to retrieve Books with valid Book type"]]>
              </value>
            </param>
            <param index="1">
              <value>
                <![CDATA["Simple Book feature"]]>
              </value>
            </param>
          </params>
          <reporter-output>
          </reporter-output>
        </test-method> <!-- runScenario -->
        <test-method signature="runScenario(io.cucumber.testng.PickleWrapper,io.cucumber.testng.FeatureWrapper)[pri:0, instance:testRunner.TestNGTestRunner@4116aac9]" started-at="2023-11-12T22:05:26 CST" name="runScenario" description="Runs Cucumber Scenarios" data-provider="scenarios" finished-at="2023-11-12T22:05:26 CST" duration-ms="298" status="PASS">
          <params>
            <param index="0">
              <value>
                <![CDATA["User able to retrieve Books with Invalid Book type"]]>
              </value>
            </param>
            <param index="1">
              <value>
                <![CDATA["Simple Book feature"]]>
              </value>
            </param>
          </params>
          <reporter-output>
          </reporter-output>
        </test-method> <!-- runScenario -->
        <test-method signature="runScenario(io.cucumber.testng.PickleWrapper,io.cucumber.testng.FeatureWrapper)[pri:0, instance:testRunner.TestNGTestRunner@4116aac9]" started-at="2023-11-12T22:05:26 CST" name="runScenario" description="Runs Cucumber Scenarios" data-provider="scenarios" finished-at="2023-11-12T22:05:26 CST" duration-ms="287" status="PASS">
          <params>
            <param index="0">
              <value>
                <![CDATA["User able to retrieve Books using Valid Limit"]]>
              </value>
            </param>
            <param index="1">
              <value>
                <![CDATA["Simple Book feature"]]>
              </value>
            </param>
          </params>
          <reporter-output>
          </reporter-output>
        </test-method> <!-- runScenario -->
        <test-method signature="runScenario(io.cucumber.testng.PickleWrapper,io.cucumber.testng.FeatureWrapper)[pri:0, instance:testRunner.TestNGTestRunner@4116aac9]" started-at="2023-11-12T22:05:26 CST" name="runScenario" description="Runs Cucumber Scenarios" data-provider="scenarios" finished-at="2023-11-12T22:05:26 CST" duration-ms="251" status="PASS">
          <params>
            <param index="0">
              <value>
                <![CDATA["User able to retrieve Books using InValid Limit"]]>
              </value>
            </param>
            <param index="1">
              <value>
                <![CDATA["Simple Book feature"]]>
              </value>
            </param>
          </params>
          <reporter-output>
          </reporter-output>
        </test-method> <!-- runScenario -->
        <test-method signature="runScenario(io.cucumber.testng.PickleWrapper,io.cucumber.testng.FeatureWrapper)[pri:0, instance:testRunner.TestNGTestRunner@4116aac9]" started-at="2023-11-12T22:05:26 CST" name="runScenario" description="Runs Cucumber Scenarios" data-provider="scenarios" finished-at="2023-11-12T22:05:27 CST" duration-ms="281" status="PASS">
          <params>
            <param index="0">
              <value>
                <![CDATA["User able to retrieve Single Books using Valid Book Id"]]>
              </value>
            </param>
            <param index="1">
              <value>
                <![CDATA["Simple Book feature"]]>
              </value>
            </param>
          </params>
          <reporter-output>
          </reporter-output>
        </test-method> <!-- runScenario -->
        <test-method signature="runScenario(io.cucumber.testng.PickleWrapper,io.cucumber.testng.FeatureWrapper)[pri:0, instance:testRunner.TestNGTestRunner@4116aac9]" started-at="2023-11-12T22:05:27 CST" name="runScenario" description="Runs Cucumber Scenarios" data-provider="scenarios" finished-at="2023-11-12T22:05:28 CST" duration-ms="1669" status="PASS">
          <params>
            <param index="0">
              <value>
                <![CDATA["User able to retrieve Single Books using InValid Book Id"]]>
              </value>
            </param>
            <param index="1">
              <value>
                <![CDATA["Simple Book feature"]]>
              </value>
            </param>
          </params>
          <reporter-output>
          </reporter-output>
        </test-method> <!-- runScenario -->
        <test-method signature="runScenario(io.cucumber.testng.PickleWrapper,io.cucumber.testng.FeatureWrapper)[pri:0, instance:testRunner.TestNGTestRunner@4116aac9]" started-at="2023-11-12T22:05:28 CST" name="runScenario" description="Runs Cucumber Scenarios" data-provider="scenarios" finished-at="2023-11-12T22:05:29 CST" duration-ms="987" status="PASS">
          <params>
            <param index="0">
              <value>
                <![CDATA["Register the API Client for Authentication"]]>
              </value>
            </param>
            <param index="1">
              <value>
                <![CDATA["Simple Book feature"]]>
              </value>
            </param>
          </params>
          <reporter-output>
          </reporter-output>
        </test-method> <!-- runScenario -->
        <test-method signature="runScenario(io.cucumber.testng.PickleWrapper,io.cucumber.testng.FeatureWrapper)[pri:0, instance:testRunner.TestNGTestRunner@4116aac9]" started-at="2023-11-12T22:05:29 CST" name="runScenario" description="Runs Cucumber Scenarios" data-provider="scenarios" finished-at="2023-11-12T22:05:30 CST" duration-ms="693" status="PASS">
          <params>
            <param index="0">
              <value>
                <![CDATA["User able to Submit a book order"]]>
              </value>
            </param>
            <param index="1">
              <value>
                <![CDATA["Simple Book feature"]]>
              </value>
            </param>
          </params>
          <reporter-output>
          </reporter-output>
        </test-method> <!-- runScenario -->
        <test-method signature="runScenario(io.cucumber.testng.PickleWrapper,io.cucumber.testng.FeatureWrapper)[pri:0, instance:testRunner.TestNGTestRunner@4116aac9]" started-at="2023-11-12T22:05:30 CST" name="runScenario" description="Runs Cucumber Scenarios" data-provider="scenarios" finished-at="2023-11-12T22:05:30 CST" duration-ms="378" status="PASS">
          <params>
            <param index="0">
              <value>
                <![CDATA["User able to Get all book orders"]]>
              </value>
            </param>
            <param index="1">
              <value>
                <![CDATA["Simple Book feature"]]>
              </value>
            </param>
          </params>
          <reporter-output>
          </reporter-output>
        </test-method> <!-- runScenario -->
        <test-method signature="runScenario(io.cucumber.testng.PickleWrapper,io.cucumber.testng.FeatureWrapper)[pri:0, instance:testRunner.TestNGTestRunner@4116aac9]" started-at="2023-11-12T22:05:30 CST" name="runScenario" description="Runs Cucumber Scenarios" data-provider="scenarios" finished-at="2023-11-12T22:05:31 CST" duration-ms="384" status="PASS">
          <params>
            <param index="0">
              <value>
                <![CDATA["User able to Get a book order"]]>
              </value>
            </param>
            <param index="1">
              <value>
                <![CDATA["Simple Book feature"]]>
              </value>
            </param>
          </params>
          <reporter-output>
          </reporter-output>
        </test-method> <!-- runScenario -->
        <test-method signature="runScenario(io.cucumber.testng.PickleWrapper,io.cucumber.testng.FeatureWrapper)[pri:0, instance:testRunner.TestNGTestRunner@4116aac9]" started-at="2023-11-12T22:05:31 CST" name="runScenario" description="Runs Cucumber Scenarios" data-provider="scenarios" finished-at="2023-11-12T22:05:31 CST" duration-ms="407" status="PASS">
          <params>
            <param index="0">
              <value>
                <![CDATA["User able to Update an book order"]]>
              </value>
            </param>
            <param index="1">
              <value>
                <![CDATA["Simple Book feature"]]>
              </value>
            </param>
          </params>
          <reporter-output>
          </reporter-output>
        </test-method> <!-- runScenario -->
        <test-method signature="runScenario(io.cucumber.testng.PickleWrapper,io.cucumber.testng.FeatureWrapper)[pri:0, instance:testRunner.TestNGTestRunner@4116aac9]" started-at="2023-11-12T22:05:31 CST" name="runScenario" description="Runs Cucumber Scenarios" data-provider="scenarios" finished-at="2023-11-12T22:05:32 CST" duration-ms="603" status="PASS">
          <params>
            <param index="0">
              <value>
                <![CDATA["User able to Delete an book order"]]>
              </value>
            </param>
            <param index="1">
              <value>
                <![CDATA["Simple Book feature"]]>
              </value>
            </param>
          </params>
          <reporter-output>
          </reporter-output>
        </test-method> <!-- runScenario -->
        <test-method is-config="true" signature="tearDownClass()[pri:0, instance:testRunner.TestNGTestRunner@4116aac9]" started-at="2023-11-12T22:05:32 CST" name="tearDownClass" finished-at="2023-11-12T22:05:36 CST" duration-ms="4252" status="PASS">
          <reporter-output>
          </reporter-output>
        </test-method> <!-- tearDownClass -->
      </class> <!-- testRunner.TestNGTestRunner -->
    </test> <!-- Default test -->
  </suite> <!-- Default suite -->
</testng-results>
